<?xml version="1.0" encoding="UTF-8"?>
<!-- Generated by org.testng.reporters.JUnitReportReporter -->
<testsuite hostname="Tushars-MacBook-Air.local" failures="0" tests="3" name="tushargaurautomation.tests.SubmitOrderTest" time="28.443" errors="0" timestamp="2025-03-04T02:33:35 IST" skipped="0">
  <testcase classname="tushargaurautomation.tests.SubmitOrderTest" name="submitOrder" time="13.539"/>
  <testcase classname="tushargaurautomation.tests.SubmitOrderTest" name="submitOrder" time="12.633"/>
  <testcase classname="tushargaurautomation.tests.SubmitOrderTest" name="OrderHistoryTest" time="2.271"/>
</testsuite> <!-- tushargaurautomation.tests.SubmitOrderTest -->
