<?xml version="1.0" encoding="UTF-8"?>
<!-- Generated by org.testng.reporters.JUnitReportReporter -->
<testsuite hostname="Tushars-MacBook-Air.local" failures="0" tests="2" name="tushargaurautomation.tests.ErrorValidationsTest" time="14.830" errors="0" timestamp="2025-03-04T02:58:12 IST" skipped="0">
  <testcase classname="tushargaurautomation.tests.ErrorValidationsTest" name="ProductErrorValidation" time="12.273"/>
  <testcase classname="tushargaurautomation.tests.ErrorValidationsTest" name="LoginErrorValidation" time="2.557"/>
</testsuite> <!-- tushargaurautomation.tests.ErrorValidationsTest -->
